Using pre-set license
Built from '2020.2/staging' branch; Version is '2020.2.7f1 (c53830e277f1) revision 12924976'; Using compiler version '192528614'; Build Type 'Release'
OS: 'Windows 10 Home; OS build 22621.2715; Version 2009; 64bit' Language: 'ja' Physical Memory: 15720 MB
BatchMode: 1, IsHumanControllingUs: 0, StartBugReporterOnCrash: 0, Is64bit: 1, IsPro: 0

 COMMAND LINE ARGUMENTS:
C:\Program Files\Unity\Hub\Editor\2020.2.7f1\Editor\Unity.exe
-adb2
-batchMode
-noUpm
-name
AssetImportWorker0
-projectPath
C:/Users/kitti/OneDrive/ドキュメント/GitHub/danmaku2
-logFile
Logs/AssetImportWorker0.log
-srvPort
56592
Successfully changed project path to: C:/Users/kitti/OneDrive/ドキュメント/GitHub/danmaku2
C:/Users/kitti/OneDrive/ドキュメント/GitHub/danmaku2
Using Asset Import Pipeline V2.
Refreshing native plugins compatible for Editor in 93.57 ms, found 1 plugins.
Preloading 0 native plugins for Editor in 0.00 ms.
Initialize engine version: 2020.2.7f1 (c53830e277f1)
[Subsystems] Discovering subsystems at path C:/Program Files/Unity/Hub/Editor/2020.2.7f1/Editor/Data/Resources/UnitySubsystems
[Subsystems] Discovering subsystems at path C:/Users/kitti/OneDrive/ドキュメント/GitHub/danmaku2/Assets
GfxDevice: creating device client; threaded=0
Direct3D:
    Version:  Direct3D 11.0 [level 11.1]
    Renderer: AMD Radeon (TM) Graphics (ID=0x15e7)
    Vendor:   
    VRAM:     7860 MB
    Driver:   31.0.21024.6002
Initialize mono
Mono path[0] = 'C:/Program Files/Unity/Hub/Editor/2020.2.7f1/Editor/Data/Managed'
Mono path[1] = 'C:/Program Files/Unity/Hub/Editor/2020.2.7f1/Editor/Data/MonoBleedingEdge/lib/mono/unityjit'
Mono config path = 'C:/Program Files/Unity/Hub/Editor/2020.2.7f1/Editor/Data/MonoBleedingEdge/etc'
Using monoOptions --debugger-agent=transport=dt_socket,embedding=1,server=y,suspend=n,address=127.0.0.1:56472
Begin MonoManager ReloadAssembly
Registering precompiled unity dll's ...
Register platform support module: C:/Program Files/Unity/Hub/Editor/2020.2.7f1/Editor/Data/PlaybackEngines/WindowsStandaloneSupport/UnityEditor.WindowsStandalone.Extensions.dll
Registered in 0.003241 seconds.
Native extension for WindowsStandalone target not found
Refreshing native plugins compatible for Editor in 48.33 ms, found 1 plugins.
Preloading 0 native plugins for Editor in 0.00 ms.
Invoked RoslynAnalysisRunner static constructor.
RoslynAnalysisRunner will not be running.
RoslynAnalysisRunner has terminated.
Mono: successfully reloaded assembly
- Completed reload, in  2.734 seconds
Platform modules already initialized, skipping
Registering precompiled user dll's ...
Registered in 0.002064 seconds.
Begin MonoManager ReloadAssembly
Native extension for WindowsStandalone target not found
Refreshing native plugins compatible for Editor in 50.90 ms, found 1 plugins.
Preloading 0 native plugins for Editor in 0.00 ms.
Invoked RoslynAnalysisRunner static constructor.
RoslynAnalysisRunner will not be running.
RoslynAnalysisRunner has terminated.
Mono: successfully reloaded assembly
- Completed reload, in  1.054 seconds
Platform modules already initialized, skipping
========================================================================
Worker process is ready to serve import requests
Launched and connected shader compiler UnityShaderCompiler.exe after 0.07 seconds
Refreshing native plugins compatible for Editor in 0.60 ms, found 1 plugins.
Preloading 0 native plugins for Editor in 0.00 ms.
Unloading 2127 Unused Serialized files (Serialized files now loaded: 0)
System memory in use before: 96.1 MB.
System memory in use after: 96.1 MB.

Unloading 28 unused Assets to reduce memory usage. Loaded Objects now: 2576.
Total: 3.320100 ms (FindLiveObjects: 0.381400 ms CreateObjectMapping: 0.184900 ms MarkObjects: 2.597200 ms  DeleteObjects: 0.155100 ms)

========================================================================
Received Prepare
Refreshing native plugins compatible for Editor in 2.75 ms, found 1 plugins.
Preloading 0 native plugins for Editor in 0.00 ms.
Unloading 12 Unused Serialized files (Serialized files now loaded: 0)
System memory in use before: 54.2 MB.
System memory in use after: 54.2 MB.

Unloading 12 unused Assets to reduce memory usage. Loaded Objects now: 2576.
Total: 8.054600 ms (FindLiveObjects: 0.838400 ms CreateObjectMapping: 0.323800 ms MarkObjects: 6.617200 ms  DeleteObjects: 0.270900 ms)

========================================================================
Received Import Request.
  path: Assets/supekaM.anim
  artifactKey: Guid(6aaa54540800f024880214bf36207d82) Importer(815301076,1909f56bfc062723c751e8b465ee728b)
Start importing Assets/supekaM.anim using Guid(6aaa54540800f024880214bf36207d82) Importer(815301076,1909f56bfc062723c751e8b465ee728b)  -> (artifact id: 'e765f0a796448613f60fcd15712a756c') in 0.081177 seconds
  Import took 0.088253 seconds .

========================================================================
Received Prepare
Registering precompiled user dll's ...
Registered in 0.006663 seconds.
Begin MonoManager ReloadAssembly
Native extension for WindowsStandalone target not found
Refreshing native plugins compatible for Editor in 1.15 ms, found 1 plugins.
Preloading 0 native plugins for Editor in 0.00 ms.
Invoked RoslynAnalysisRunner static constructor.
RoslynAnalysisRunner will not be running.
RoslynAnalysisRunner has terminated.
Mono: successfully reloaded assembly
- Completed reload, in  1.478 seconds
Platform modules already initialized, skipping
Refreshing native plugins compatible for Editor in 0.89 ms, found 1 plugins.
Preloading 0 native plugins for Editor in 0.00 ms.
Unloading 2122 Unused Serialized files (Serialized files now loaded: 0)
System memory in use before: 96.2 MB.
System memory in use after: 96.2 MB.

Unloading 14 unused Assets to reduce memory usage. Loaded Objects now: 2580.
Total: 4.753900 ms (FindLiveObjects: 0.350900 ms CreateObjectMapping: 0.072900 ms MarkObjects: 4.176400 ms  DeleteObjects: 0.151600 ms)

========================================================================
Received Import Request.
  Time since last request: 2099.206482 seconds.
  path: Assets/supekaM.anim
  artifactKey: Guid(6aaa54540800f024880214bf36207d82) Importer(815301076,1909f56bfc062723c751e8b465ee728b)
Start importing Assets/supekaM.anim using Guid(6aaa54540800f024880214bf36207d82) Importer(815301076,1909f56bfc062723c751e8b465ee728b)  -> (artifact id: 'c438ecd62a2ab52782cf341d0123ffb4') in 0.257730 seconds
  Import took 0.394700 seconds .

AssetImportWorkerClient::OnTransportError - code=2 error=End of file
